2022-12-30 16:06:47,669 INFO o.a.j.u.JMeterUtils: Setting Locale to en_US
2022-12-30 16:06:47,700 INFO o.a.j.JMeter: Loading user properties from: user.properties
2022-12-30 16:06:47,700 INFO o.a.j.JMeter: Loading system properties from: system.properties
2022-12-30 16:06:47,700 INFO o.a.j.JMeter: Loading additional properties from: C:\apache-jmeter-5.4\bin\user.properties
2022-12-30 16:06:47,700 INFO o.a.j.JMeter: Copyright (c) 1998-2020 The Apache Software Foundation
2022-12-30 16:06:47,700 INFO o.a.j.JMeter: Version 5.4
2022-12-30 16:06:47,700 INFO o.a.j.JMeter: java.version=15.0.1
2022-12-30 16:06:47,700 INFO o.a.j.JMeter: java.vm.name=Java HotSpot(TM) 64-Bit Server VM
2022-12-30 16:06:47,700 INFO o.a.j.JMeter: os.name=Windows Server 2019
2022-12-30 16:06:47,700 INFO o.a.j.JMeter: os.arch=amd64
2022-12-30 16:06:47,700 INFO o.a.j.JMeter: os.version=10.0
2022-12-30 16:06:47,700 INFO o.a.j.JMeter: file.encoding=Cp1252
2022-12-30 16:06:47,700 INFO o.a.j.JMeter: java.awt.headless=true
2022-12-30 16:06:47,700 INFO o.a.j.JMeter: Max memory     =8589934592
2022-12-30 16:06:47,700 INFO o.a.j.JMeter: Available Processors =12
2022-12-30 16:06:47,700 INFO o.a.j.JMeter: Default Locale=English (United States)
2022-12-30 16:06:47,700 INFO o.a.j.JMeter: JMeter  Locale=English (United States)
2022-12-30 16:06:47,700 INFO o.a.j.JMeter: JMeterHome=C:\apache-jmeter-5.4
2022-12-30 16:06:47,700 INFO o.a.j.JMeter: user.dir  =C:\apache-jmeter-5.4\bin
2022-12-30 16:06:47,700 INFO o.a.j.JMeter: PWD       =C:\apache-jmeter-5.4\bin
2022-12-30 16:06:47,716 INFO o.a.j.JMeter: IP: 10.1.129.154 Name: ST-YUKTEST01 FullName: ST-YUKTEST01.vakifkatilim.local
2022-12-30 16:06:47,716 INFO o.a.j.JMeter: Setting property 'jmeter.reportgenerator.outputdir' to:'C:\Users\ee002394\Desktop\10000 Kullanici 20 rampup 5 iteration'
2022-12-30 16:06:47,716 INFO o.a.j.r.d.ReportGenerator: ReportGenerator will use for Parsing the separator: ','
2022-12-30 16:06:47,716 INFO o.a.j.r.d.ReportGenerator: Will only generate report from results file: C:\Users\ee002394\Desktop\New folder\Summary Report.csv
2022-12-30 16:06:47,716 INFO o.a.j.r.d.ReportGenerator: Reading report generator properties from: C:\apache-jmeter-5.4\bin\reportgenerator.properties
2022-12-30 16:06:47,716 INFO o.a.j.r.d.ReportGenerator: Merging with JMeter properties
2022-12-30 16:06:47,716 INFO o.a.j.r.c.ReportGeneratorConfiguration: Property 'jmeter.reportgenerator.temp_dir' not found, using default value 'temp' instead.
2022-12-30 16:06:47,732 INFO o.a.j.r.c.ReportGeneratorConfiguration: Property 'jmeter.reportgenerator.apdex_per_transaction' not found, using default value 'null' instead.
2022-12-30 16:06:47,732 INFO o.a.j.r.c.ReportGeneratorConfiguration: apdex_per_transaction is empty, not APDEX per transaction customization
2022-12-30 16:06:47,732 INFO o.a.j.r.c.ReportGeneratorConfiguration: Property 'jmeter.reportgenerator.sample_filter' not found, using default value 'null' instead.
2022-12-30 16:06:47,732 INFO o.a.j.r.c.ReportGeneratorConfiguration: Property 'jmeter.reportgenerator.report_title' not found, using default value 'null' instead.
2022-12-30 16:06:47,732 INFO o.a.j.r.c.ReportGeneratorConfiguration: Property 'jmeter.reportgenerator.start_date' not found, using default value 'null' instead.
2022-12-30 16:06:47,732 INFO o.a.j.r.c.ReportGeneratorConfiguration: Property 'jmeter.reportgenerator.end_date' not found, using default value 'null' instead.
2022-12-30 16:06:47,732 INFO o.a.j.r.c.ReportGeneratorConfiguration: Property 'jmeter.reportgenerator.date_format' not found, using default value 'null' instead.
2022-12-30 16:06:47,732 INFO o.a.j.r.c.ReportGeneratorConfiguration: Will use date range start date: null, end date: null
2022-12-30 16:06:47,732 INFO o.a.j.r.c.ReportGeneratorConfiguration: Property 'jmeter.reportgenerator.graph.totalTPS.exclude_controllers' not found, using default value 'false' instead.
2022-12-30 16:06:47,732 INFO o.a.j.r.c.ReportGeneratorConfiguration: Property 'jmeter.reportgenerator.graph.activeThreadsOverTime.exclude_controllers' not found, using default value 'false' instead.
2022-12-30 16:06:47,732 INFO o.a.j.r.c.ReportGeneratorConfiguration: Property 'jmeter.reportgenerator.graph.timeVsThreads.exclude_controllers' not found, using default value 'false' instead.
2022-12-30 16:06:47,732 INFO o.a.j.r.c.ReportGeneratorConfiguration: Property 'jmeter.reportgenerator.graph.responseTimeDistribution.exclude_controllers' not found, using default value 'false' instead.
2022-12-30 16:06:47,747 INFO o.a.j.r.c.ReportGeneratorConfiguration: Property 'jmeter.reportgenerator.graph.transactionsPerSecond.exclude_controllers' not found, using default value 'false' instead.
2022-12-30 16:06:47,747 INFO o.a.j.r.c.ReportGeneratorConfiguration: Property 'jmeter.reportgenerator.graph.responseTimePercentiles.exclude_controllers' not found, using default value 'false' instead.
2022-12-30 16:06:47,747 INFO o.a.j.r.c.ReportGeneratorConfiguration: Property 'jmeter.reportgenerator.graph.responseTimePercentilesOverTime.exclude_controllers' not found, using default value 'false' instead.
2022-12-30 16:06:47,747 INFO o.a.j.r.c.ReportGeneratorConfiguration: Property 'jmeter.reportgenerator.graph.responseTimesOverTime.exclude_controllers' not found, using default value 'false' instead.
2022-12-30 16:06:47,747 INFO o.a.j.r.c.ReportGeneratorConfiguration: Property 'jmeter.reportgenerator.graph.connectTimeOverTime.exclude_controllers' not found, using default value 'false' instead.
2022-12-30 16:06:47,747 INFO o.a.j.r.c.ReportGeneratorConfiguration: Property 'jmeter.reportgenerator.graph.latenciesOverTime.exclude_controllers' not found, using default value 'false' instead.
2022-12-30 16:06:47,747 INFO o.a.j.r.c.ReportGeneratorConfiguration: Property 'jmeter.reportgenerator.exporter.json.filters_only_sample_series' not found, using default value 'true' instead.
2022-12-30 16:06:47,747 INFO o.a.j.r.c.ReportGeneratorConfiguration: Property 'jmeter.reportgenerator.exporter.json.series_filter' not found, using default value '' instead.
2022-12-30 16:06:47,747 INFO o.a.j.r.c.ReportGeneratorConfiguration: Property 'jmeter.reportgenerator.exporter.json.show_controllers_only' not found, using default value 'false' instead.
2022-12-30 16:06:47,747 INFO o.a.j.r.c.ReportGeneratorConfiguration: Property 'jmeter.reportgenerator.exporter.html.filters_only_sample_series' not found, using default value 'true' instead.
2022-12-30 16:06:47,747 INFO o.a.j.r.c.ReportGeneratorConfiguration: Property 'jmeter.reportgenerator.exporter.html.series_filter' not found, using default value '' instead.
2022-12-30 16:06:47,747 INFO o.a.j.r.c.ReportGeneratorConfiguration: Property 'jmeter.reportgenerator.exporter.html.show_controllers_only' not found, using default value 'false' instead.
2022-12-30 16:06:47,874 INFO o.a.j.s.SaveService: Testplan (JMX) version: 2.2. Testlog (JTL) version: 2.2
2022-12-30 16:06:47,889 INFO o.a.j.s.SaveService: Using SaveService properties version 5.0
2022-12-30 16:06:47,889 INFO o.a.j.s.SaveService: Using SaveService properties file encoding UTF-8
2022-12-30 16:06:47,920 INFO o.a.j.r.p.NormalizerSampleConsumer: Using format, 'ms', to parse timeStamp field
2022-12-30 16:06:52,889 INFO o.a.j.r.p.AbstractSampleConsumer: class org.apache.jmeter.report.processor.AggregateConsumer#stopProducing(): beginDate produced 0 samples
2022-12-30 16:06:52,889 INFO o.a.j.r.p.AbstractSampleConsumer: class org.apache.jmeter.report.processor.AggregateConsumer#stopProducing(): endDate produced 0 samples
2022-12-30 16:06:52,889 INFO o.a.j.r.p.AbstractSampleConsumer: class org.apache.jmeter.report.processor.ApdexSummaryConsumer#stopProducing(): apdexSummary produced 0 samples
2022-12-30 16:06:52,889 INFO o.a.j.r.p.AbstractSampleConsumer: class org.apache.jmeter.report.processor.RequestsSummaryConsumer#stopProducing(): requestsSummary produced 0 samples
2022-12-30 16:06:52,920 INFO o.a.j.r.p.AbstractSampleConsumer: class org.apache.jmeter.report.processor.StatisticsSummaryConsumer#stopProducing(): statisticsSummary produced 0 samples
2022-12-30 16:06:52,920 INFO o.a.j.r.p.AbstractSampleConsumer: class org.apache.jmeter.report.processor.Top5ErrorsBySamplerConsumer#stopProducing(): top5ErrorsBySampler produced 0 samples
2022-12-30 16:06:52,920 INFO o.a.j.r.p.AbstractSampleConsumer: class org.apache.jmeter.report.processor.ErrorsSummaryConsumer#stopProducing(): errorsSummary produced 0 samples
2022-12-30 16:06:52,920 INFO o.a.j.r.p.AbstractSampleConsumer: class org.apache.jmeter.report.processor.graph.impl.HitsPerSecondGraphConsumer#stopProducing(): hitsPerSecond produced 0 samples
2022-12-30 16:06:54,733 INFO o.a.j.r.p.AbstractSampleConsumer: class org.apache.jmeter.report.processor.graph.impl.LatencyVSRequestGraphConsumer#stopProducing(): latencyVsRequest produced 0 samples
2022-12-30 16:06:54,733 INFO o.a.j.r.p.AbstractSampleConsumer: class org.apache.jmeter.report.processor.graph.impl.SyntheticResponseTimeDistributionGraphConsumer#stopProducing(): syntheticResponseTimeDistribution produced 0 samples
2022-12-30 16:06:54,733 INFO o.a.j.r.p.AbstractSampleConsumer: class org.apache.jmeter.report.processor.graph.impl.BytesThroughputGraphConsumer#stopProducing(): bytesThroughputOverTime produced 0 samples
2022-12-30 16:06:54,733 INFO o.a.j.r.p.AbstractSampleConsumer: class org.apache.jmeter.report.processor.graph.impl.CodesPerSecondGraphConsumer#stopProducing(): codesPerSecond produced 0 samples
2022-12-30 16:06:56,483 INFO o.a.j.r.p.AbstractSampleConsumer: class org.apache.jmeter.report.processor.graph.impl.ResponseTimeVSRequestGraphConsumer#stopProducing(): responseTimeVsRequest produced 0 samples
2022-12-30 16:06:56,499 INFO o.a.j.r.p.AbstractSampleConsumer: class org.apache.jmeter.report.processor.FilterConsumer#stopProducing(): startIntervalControlerFilter produced 1372112 samples
2022-12-30 16:06:56,499 INFO o.a.j.r.p.AbstractSampleConsumer: class org.apache.jmeter.report.processor.graph.impl.TotalTPSGraphConsumer#stopProducing(): totalTPS produced 0 samples
2022-12-30 16:06:56,499 INFO o.a.j.r.p.AbstractSampleConsumer: class org.apache.jmeter.report.processor.graph.impl.ActiveThreadsGraphConsumer#stopProducing(): activeThreadsOverTime produced 0 samples
2022-12-30 16:06:56,499 INFO o.a.j.r.p.AbstractSampleConsumer: class org.apache.jmeter.report.processor.graph.impl.TimeVSThreadGraphConsumer#stopProducing(): timeVsThreads produced 0 samples
2022-12-30 16:06:56,499 INFO o.a.j.r.p.AbstractSampleConsumer: class org.apache.jmeter.report.processor.graph.impl.ResponseTimeDistributionGraphConsumer#stopProducing(): responseTimeDistribution produced 0 samples
2022-12-30 16:06:56,499 INFO o.a.j.r.p.AbstractSampleConsumer: class org.apache.jmeter.report.processor.graph.impl.TransactionsPerSecondGraphConsumer#stopProducing(): transactionsPerSecond produced 0 samples
2022-12-30 16:06:56,499 INFO o.a.j.r.p.AbstractSampleConsumer: class org.apache.jmeter.report.processor.graph.impl.ResponseTimePercentilesGraphConsumer#stopProducing(): responseTimePercentiles produced 0 samples
2022-12-30 16:06:56,561 INFO o.a.j.r.p.AbstractSampleConsumer: class org.apache.jmeter.report.processor.graph.impl.ResponseTimePercentilesOverTimeGraphConsumer#stopProducing(): responseTimePercentilesOverTime produced 0 samples
2022-12-30 16:06:56,577 INFO o.a.j.r.p.AbstractSampleConsumer: class org.apache.jmeter.report.processor.graph.impl.ResponseTimeOverTimeGraphConsumer#stopProducing(): responseTimesOverTime produced 0 samples
2022-12-30 16:06:56,577 INFO o.a.j.r.p.AbstractSampleConsumer: class org.apache.jmeter.report.processor.graph.impl.ConnectTimeOverTimeGraphConsumer#stopProducing(): connectTimeOverTime produced 0 samples
2022-12-30 16:06:56,577 INFO o.a.j.r.p.AbstractSampleConsumer: class org.apache.jmeter.report.processor.graph.impl.LatencyOverTimeGraphConsumer#stopProducing(): latenciesOverTime produced 0 samples
2022-12-30 16:06:56,577 INFO o.a.j.r.p.AbstractSampleConsumer: class org.apache.jmeter.report.processor.FilterConsumer#stopProducing(): nameFilter produced 2940240 samples
2022-12-30 16:06:56,577 INFO o.a.j.r.p.AbstractSampleConsumer: class org.apache.jmeter.report.processor.FilterConsumer#stopProducing(): dateRangeFilter produced 588048 samples
2022-12-30 16:06:56,577 INFO o.a.j.r.p.AbstractSampleConsumer: class org.apache.jmeter.report.processor.NormalizerSampleConsumer#stopProducing(): normalizer produced 196016 samples
2022-12-30 16:06:56,577 INFO o.a.j.r.p.CsvFileSampleSource: produce(): 196016 samples produced in 8s 641 ms on channel 0
2022-12-30 16:06:56,577 INFO o.a.j.r.d.ReportGenerator: Exporting data using exporter:'json' of className:'org.apache.jmeter.report.dashboard.JsonExporter'
2022-12-30 16:06:56,655 INFO o.a.j.r.d.JsonExporter: Found data for consumer statisticsSummary in context
2022-12-30 16:06:56,655 INFO o.a.j.r.d.JsonExporter: Creating statistics for overall
2022-12-30 16:06:56,670 INFO o.a.j.r.d.JsonExporter: Creating statistics for other transactions
2022-12-30 16:06:56,670 INFO o.a.j.r.d.JsonExporter: Checking output folder
2022-12-30 16:06:56,670 INFO o.a.j.r.d.JsonExporter: Writing statistics JSON to C:\Users\ee002394\Desktop\10000 Kullanici 20 rampup 5 iteration\statistics.json
2022-12-30 16:06:56,702 INFO o.a.j.r.d.ReportGenerator: Exporting data using exporter:'html' of className:'org.apache.jmeter.report.dashboard.HtmlTemplateExporter'
2022-12-30 16:06:56,702 INFO o.a.j.r.d.HtmlTemplateExporter: Will generate dashboard in folder: C:\Users\ee002394\Desktop\10000 Kullanici 20 rampup 5 iteration
2022-12-30 16:06:56,795 INFO o.a.j.r.d.HtmlTemplateExporter: Report will be generated in: C:\Users\ee002394\Desktop\10000 Kullanici 20 rampup 5 iteration, creating folder structure
2022-12-30 16:06:56,795 INFO o.a.j.r.d.TemplateVisitor: Copying folder from 'C:\apache-jmeter-5.4\bin\report-template' to 'C:\Users\ee002394\Desktop\10000 Kullanici 20 rampup 5 iteration', got message: C:\Users\ee002394\Desktop\10000 Kullanici 20 rampup 5 iteration, found non empty folder with following content [C:\Users\ee002394\Desktop\10000 Kullanici 20 rampup 5 iteration\statistics.json], will be ignored
