2023-10-09 11:44:05,583 INFO o.a.j.u.JMeterUtils: Setting Locale to en_EN
2023-10-09 11:44:05,594 INFO o.a.j.JMeter: Loading user properties from: C:\Users\md003142\Desktop\Test1\apache-jmeter-5.4\bin\user.properties
2023-10-09 11:44:05,598 INFO o.a.j.JMeter: Loading system properties from: C:\Users\md003142\Desktop\Test1\apache-jmeter-5.4\bin\system.properties
2023-10-09 11:44:05,604 INFO o.a.j.JMeter: Copyright (c) 1998-2020 The Apache Software Foundation
2023-10-09 11:44:05,604 INFO o.a.j.JMeter: Version 5.4
2023-10-09 11:44:05,604 INFO o.a.j.JMeter: java.version=1.8.0_202
2023-10-09 11:44:05,604 INFO o.a.j.JMeter: java.vm.name=Java HotSpot(TM) 64-Bit Server VM
2023-10-09 11:44:05,604 INFO o.a.j.JMeter: os.name=Windows 10
2023-10-09 11:44:05,605 INFO o.a.j.JMeter: os.arch=amd64
2023-10-09 11:44:05,605 INFO o.a.j.JMeter: os.version=10.0
2023-10-09 11:44:05,605 INFO o.a.j.JMeter: file.encoding=Cp1254
2023-10-09 11:44:05,605 INFO o.a.j.JMeter: java.awt.headless=true
2023-10-09 11:44:05,605 INFO o.a.j.JMeter: Max memory     =1073741824
2023-10-09 11:44:05,605 INFO o.a.j.JMeter: Available Processors =12
2023-10-09 11:44:05,607 INFO o.a.j.JMeter: Default Locale=English (EN)
2023-10-09 11:44:05,607 INFO o.a.j.JMeter: JMeter  Locale=English (EN)
2023-10-09 11:44:05,607 INFO o.a.j.JMeter: JMeterHome=C:\Users\md003142\Desktop\Test1\apache-jmeter-5.4
2023-10-09 11:44:05,607 INFO o.a.j.JMeter: user.dir  =C:\Users\md003142\Desktop\Test1
2023-10-09 11:44:05,608 INFO o.a.j.JMeter: PWD       =C:\Users\md003142\Desktop\Test1
2023-10-09 11:44:05,609 INFO o.a.j.JMeter: IP: 10.10.9.167 Name: NB-BSYM124 FullName: NB-BSYM124.vakifkatilim.local
2023-10-09 11:44:05,613 INFO o.a.j.s.FileServer: Default base='C:\Users\md003142\Desktop\Test1'
2023-10-09 11:44:05,613 INFO o.a.j.s.FileServer: Set new base='C:\Users\md003142\Desktop\Test1\jmx'
2023-10-09 11:44:05,684 INFO o.a.j.s.SaveService: Testplan (JMX) version: 2.2. Testlog (JTL) version: 2.2
2023-10-09 11:44:05,697 INFO o.a.j.s.SaveService: Using SaveService properties file encoding UTF-8
2023-10-09 11:44:05,700 INFO o.a.j.s.SaveService: Using SaveService properties version 5.0
2023-10-09 11:44:05,704 INFO o.a.j.s.SaveService: Loading file: C:\Users\md003142\Desktop\Test1\jmx\Test-i Ornek Calisma.jmx
2023-10-09 11:44:05,739 INFO o.a.j.p.h.s.HTTPSamplerBase: Parser for text/html is org.apache.jmeter.protocol.http.parser.LagartoBasedHtmlParser
2023-10-09 11:44:05,739 INFO o.a.j.p.h.s.HTTPSamplerBase: Parser for application/xhtml+xml is org.apache.jmeter.protocol.http.parser.LagartoBasedHtmlParser
2023-10-09 11:44:05,739 INFO o.a.j.p.h.s.HTTPSamplerBase: Parser for application/xml is org.apache.jmeter.protocol.http.parser.LagartoBasedHtmlParser
2023-10-09 11:44:05,739 INFO o.a.j.p.h.s.HTTPSamplerBase: Parser for text/xml is org.apache.jmeter.protocol.http.parser.LagartoBasedHtmlParser
2023-10-09 11:44:05,739 INFO o.a.j.p.h.s.HTTPSamplerBase: Parser for text/vnd.wap.wml is org.apache.jmeter.protocol.http.parser.RegexpHTMLParser
2023-10-09 11:44:05,739 INFO o.a.j.p.h.s.HTTPSamplerBase: Parser for text/css is org.apache.jmeter.protocol.http.parser.CssParser
2023-10-09 11:44:05,828 INFO o.a.j.JMeter: Creating summariser <summary>
2023-10-09 11:44:05,832 INFO o.a.j.e.StandardJMeterEngine: Running the test!
2023-10-09 11:44:05,833 INFO o.a.j.s.SampleEvent: List of sample_variables: []
2023-10-09 11:44:05,833 INFO o.a.j.s.SampleEvent: List of sample_variables: []
2023-10-09 11:44:05,837 INFO o.a.j.e.u.CompoundVariable: Note: Function class names must contain the string: '.functions.'
2023-10-09 11:44:05,837 INFO o.a.j.e.u.CompoundVariable: Note: Function class names must not contain the string: '.gui.'
2023-10-09 11:44:06,087 INFO o.a.j.JMeter: Running test (1696841046087)
2023-10-09 11:44:06,111 INFO o.a.j.e.StandardJMeterEngine: Starting ThreadGroup: 1 : Thread Group-1 (Login Methodlarý)
2023-10-09 11:44:06,111 INFO o.a.j.e.StandardJMeterEngine: Starting 1 threads for group Thread Group-1 (Login Methodlarý).
2023-10-09 11:44:06,111 INFO o.a.j.e.StandardJMeterEngine: Thread will continue on error
2023-10-09 11:44:06,111 INFO o.a.j.t.ThreadGroup: Starting thread group... number=1 threads=1 ramp-up=1 delayedStart=false
2023-10-09 11:44:06,114 INFO o.a.j.t.ThreadGroup: Started thread group number 1
2023-10-09 11:44:06,114 INFO o.a.j.e.StandardJMeterEngine: All thread groups have been started
2023-10-09 11:44:06,115 INFO o.a.j.t.JMeterThread: Thread started: Thread Group-1 (Login Methodlarý) 1-1
2023-10-09 11:44:06,126 INFO o.a.j.p.h.s.HTTPHCAbstractImpl: Local host = NB-BSYM124
2023-10-09 11:44:06,133 INFO o.a.j.p.h.s.HTTPHC4Impl: HTTP request retry count = 0
2023-10-09 11:44:06,134 INFO o.a.j.s.SampleResult: Note: Sample TimeStamps are START times
2023-10-09 11:44:06,134 INFO o.a.j.s.SampleResult: sampleresult.default.encoding is set to ISO-8859-1
2023-10-09 11:44:06,134 INFO o.a.j.s.SampleResult: sampleresult.useNanoTime=true
2023-10-09 11:44:06,134 INFO o.a.j.s.SampleResult: sampleresult.nanoThreadSleep=5000
2023-10-09 11:44:06,194 INFO o.a.j.p.h.s.h.LazyLayeredConnectionSocketFactory: Setting up HTTPS TrustAll Socket Factory
2023-10-09 11:44:06,198 INFO o.a.j.u.JsseSSLManager: Using default SSL protocol: TLS
2023-10-09 11:44:06,198 INFO o.a.j.u.JsseSSLManager: SSL session context: per-thread
2023-10-09 11:44:06,474 INFO o.a.j.u.SSLManager: JmeterKeyStore Location:  type JKS
2023-10-09 11:44:06,474 INFO o.a.j.u.SSLManager: KeyStore created OK
2023-10-09 11:44:06,474 WARN o.a.j.u.SSLManager: Keystore file not found, loading empty keystore
2023-10-09 11:44:07,750 INFO o.a.j.t.JMeterThread: Thread is done: Thread Group-1 (Login Methodlarý) 1-1
2023-10-09 11:44:07,750 INFO o.a.j.t.JMeterThread: Thread finished: Thread Group-1 (Login Methodlarý) 1-1
2023-10-09 11:44:07,752 INFO o.a.j.e.StandardJMeterEngine: Notifying test listeners of end of test
2023-10-09 11:44:07,757 INFO o.a.j.r.Summariser: summary =      4 in 00:00:02 =    2.4/s Avg:   388 Min:   159 Max:   596 Err:     0 (0.00%)
